<?xml version="1.0" encoding="UTF-8"?>
<coverage generated="1772630338945" clover="3.2.0">
  <project timestamp="1772630338945" name="All files">
    <metrics statements="29" coveredstatements="28" conditionals="33" coveredconditionals="32" methods="2" coveredmethods="2" elements="64" coveredelements="62" complexity="0" loc="29" ncloc="29" packages="1" files="1" classes="1"/>
    <file name="scraper.js" path="/home/shoyeb/migration_backup/Code/facebook_member_list_scraper/scraper.js">
      <metrics statements="29" coveredstatements="28" conditionals="33" coveredconditionals="32" methods="2" coveredmethods="2"/>
      <line num="10" count="1" type="stmt"/>
      <line num="11" count="1" type="stmt"/>
      <line num="22" count="1" type="stmt"/>
      <line num="40" count="1" type="stmt"/>
      <line num="53" count="12" type="cond" truecount="2" falsecount="0"/>
      <line num="56" count="10" type="cond" truecount="4" falsecount="0"/>
      <line num="57" count="2" type="stmt"/>
      <line num="60" count="8" type="cond" truecount="4" falsecount="0"/>
      <line num="61" count="1" type="stmt"/>
      <line num="65" count="7" type="cond" truecount="4" falsecount="0"/>
      <line num="66" count="2" type="stmt"/>
      <line num="69" count="5" type="cond" truecount="4" falsecount="0"/>
      <line num="70" count="1" type="stmt"/>
      <line num="73" count="4" type="cond" truecount="4" falsecount="0"/>
      <line num="74" count="1" type="stmt"/>
      <line num="78" count="3" type="cond" truecount="2" falsecount="0"/>
      <line num="79" count="2" type="stmt"/>
      <line num="82" count="1" type="stmt"/>
      <line num="95" count="6" type="cond" truecount="5" falsecount="0"/>
      <line num="96" count="2" type="stmt"/>
      <line num="103" count="4" type="cond" truecount="2" falsecount="0"/>
      <line num="104" count="1" type="stmt"/>
      <line num="111" count="3" type="stmt"/>
      <line num="112" count="3" type="cond" truecount="1" falsecount="1"/>
      <line num="113" count="0" type="stmt"/>
      <line num="120" count="3" type="stmt"/>
      <line num="121" count="3" type="stmt"/>
      <line num="123" count="3" type="stmt"/>
      <line num="129" count="1" type="stmt"/>
    </file>
  </project>
</coverage>
