{"/home/shoyeb/migration_backup/Code/facebook_member_list_scraper/scraper.js": {"path":"/home/shoyeb/migration_backup/Code/facebook_member_list_scraper/scraper.js","statementMap":{"0":{"start":{"line":10,"column":11},"end":{"line":10,"column":24}},"1":{"start":{"line":11,"column":13},"end":{"line":11,"column":28}},"2":{"start":{"line":22,"column":15},"end":{"line":28,"column":1}},"3":{"start":{"line":40,"column":18},"end":{"line":45,"column":1}},"4":{"start":{"line":53,"column":2},"end":{"line":53,"column":28}},"5":{"start":{"line":53,"column":15},"end":{"line":53,"column":28}},"6":{"start":{"line":56,"column":2},"end":{"line":58,"column":3}},"7":{"start":{"line":57,"column":4},"end":{"line":57,"column":17}},"8":{"start":{"line":60,"column":2},"end":{"line":62,"column":3}},"9":{"start":{"line":61,"column":4},"end":{"line":61,"column":17}},"10":{"start":{"line":65,"column":2},"end":{"line":67,"column":3}},"11":{"start":{"line":66,"column":4},"end":{"line":66,"column":17}},"12":{"start":{"line":69,"column":2},"end":{"line":71,"column":3}},"13":{"start":{"line":70,"column":4},"end":{"line":70,"column":17}},"14":{"start":{"line":73,"column":2},"end":{"line":75,"column":3}},"15":{"start":{"line":74,"column":4},"end":{"line":74,"column":17}},"16":{"start":{"line":78,"column":2},"end":{"line":80,"column":3}},"17":{"start":{"line":79,"column":4},"end":{"line":79,"column":17}},"18":{"start":{"line":82,"column":2},"end":{"line":82,"column":14}},"19":{"start":{"line":95,"column":2},"end":{"line":100,"column":3}},"20":{"start":{"line":96,"column":4},"end":{"line":99,"column":6}},"21":{"start":{"line":103,"column":2},"end":{"line":108,"column":3}},"22":{"start":{"line":104,"column":4},"end":{"line":107,"column":6}},"23":{"start":{"line":111,"column":16},"end":{"line":111,"column":39}},"24":{"start":{"line":112,"column":2},"end":{"line":117,"column":3}},"25":{"start":{"line":113,"column":4},"end":{"line":116,"column":6}},"26":{"start":{"line":120,"column":22},"end":{"line":120,"column":54}},"27":{"start":{"line":121,"column":21},"end":{"line":121,"column":47}},"28":{"start":{"line":123,"column":2},"end":{"line":126,"column":4}},"29":{"start":{"line":129,"column":0},"end":{"line":134,"column":2}}},"fnMap":{"0":{"name":"validateConfig","decl":{"start":{"line":52,"column":9},"end":{"line":52,"column":23}},"loc":{"start":{"line":52,"column":32},"end":{"line":83,"column":1}},"line":52},"1":{"name":"validateSession","decl":{"start":{"line":93,"column":15},"end":{"line":93,"column":30}},"loc":{"start":{"line":93,"column":43},"end":{"line":127,"column":1}},"line":93}},"branchMap":{"0":{"loc":{"start":{"line":53,"column":2},"end":{"line":53,"column":28}},"type":"if","locations":[{"start":{"line":53,"column":2},"end":{"line":53,"column":28}},{"start":{},"end":{}}],"line":53},"1":{"loc":{"start":{"line":56,"column":2},"end":{"line":58,"column":3}},"type":"if","locations":[{"start":{"line":56,"column":2},"end":{"line":58,"column":3}},{"start":{},"end":{}}],"line":56},"2":{"loc":{"start":{"line":56,"column":6},"end":{"line":56,"column":79}},"type":"binary-expr","locations":[{"start":{"line":56,"column":6},"end":{"line":56,"column":44}},{"start":{"line":56,"column":48},"end":{"line":56,"column":79}}],"line":56},"3":{"loc":{"start":{"line":60,"column":2},"end":{"line":62,"column":3}},"type":"if","locations":[{"start":{"line":60,"column":2},"end":{"line":62,"column":3}},{"start":{},"end":{}}],"line":60},"4":{"loc":{"start":{"line":60,"column":6},"end":{"line":60,"column":79}},"type":"binary-expr","locations":[{"start":{"line":60,"column":6},"end":{"line":60,"column":44}},{"start":{"line":60,"column":48},"end":{"line":60,"column":79}}],"line":60},"5":{"loc":{"start":{"line":65,"column":2},"end":{"line":67,"column":3}},"type":"if","locations":[{"start":{"line":65,"column":2},"end":{"line":67,"column":3}},{"start":{},"end":{}}],"line":65},"6":{"loc":{"start":{"line":65,"column":6},"end":{"line":65,"column":65}},"type":"binary-expr","locations":[{"start":{"line":65,"column":6},"end":{"line":65,"column":41}},{"start":{"line":65,"column":45},"end":{"line":65,"column":65}}],"line":65},"7":{"loc":{"start":{"line":69,"column":2},"end":{"line":71,"column":3}},"type":"if","locations":[{"start":{"line":69,"column":2},"end":{"line":71,"column":3}},{"start":{},"end":{}}],"line":69},"8":{"loc":{"start":{"line":69,"column":6},"end":{"line":69,"column":81}},"type":"binary-expr","locations":[{"start":{"line":69,"column":6},"end":{"line":69,"column":49}},{"start":{"line":69,"column":53},"end":{"line":69,"column":81}}],"line":69},"9":{"loc":{"start":{"line":73,"column":2},"end":{"line":75,"column":3}},"type":"if","locations":[{"start":{"line":73,"column":2},"end":{"line":75,"column":3}},{"start":{},"end":{}}],"line":73},"10":{"loc":{"start":{"line":73,"column":6},"end":{"line":73,"column":81}},"type":"binary-expr","locations":[{"start":{"line":73,"column":6},"end":{"line":73,"column":49}},{"start":{"line":73,"column":53},"end":{"line":73,"column":81}}],"line":73},"11":{"loc":{"start":{"line":78,"column":2},"end":{"line":80,"column":3}},"type":"if","locations":[{"start":{"line":78,"column":2},"end":{"line":80,"column":3}},{"start":{},"end":{}}],"line":78},"12":{"loc":{"start":{"line":95,"column":2},"end":{"line":100,"column":3}},"type":"if","locations":[{"start":{"line":95,"column":2},"end":{"line":100,"column":3}},{"start":{},"end":{}}],"line":95},"13":{"loc":{"start":{"line":95,"column":6},"end":{"line":95,"column":78}},"type":"binary-expr","locations":[{"start":{"line":95,"column":6},"end":{"line":95,"column":17}},{"start":{"line":95,"column":21},"end":{"line":95,"column":51}},{"start":{"line":95,"column":55},"end":{"line":95,"column":78}}],"line":95},"14":{"loc":{"start":{"line":103,"column":2},"end":{"line":108,"column":3}},"type":"if","locations":[{"start":{"line":103,"column":2},"end":{"line":108,"column":3}},{"start":{},"end":{}}],"line":103},"15":{"loc":{"start":{"line":112,"column":2},"end":{"line":117,"column":3}},"type":"if","locations":[{"start":{"line":112,"column":2},"end":{"line":117,"column":3}},{"start":{},"end":{}}],"line":112}},"s":{"0":1,"1":1,"2":1,"3":1,"4":12,"5":2,"6":10,"7":2,"8":8,"9":1,"10":7,"11":2,"12":5,"13":1,"14":4,"15":1,"16":3,"17":2,"18":1,"19":6,"20":2,"21":4,"22":1,"23":3,"24":3,"25":0,"26":3,"27":3,"28":3,"29":1},"f":{"0":12,"1":6},"b":{"0":[2,10],"1":[2,8],"2":[10,9],"3":[1,7],"4":[8,7],"5":[2,5],"6":[7,7],"7":[1,4],"8":[5,5],"9":[1,3],"10":[4,4],"11":[2,1],"12":[2,4],"13":[6,4,4],"14":[1,3],"15":[0,3]},"_coverageSchema":"1a1c01bbd47fc00a2c39e90264f33305004495a9","hash":"67f39fa0850061cadeeadf13d210ff79fae3f781"}
}
