TN:
SF:scraper.js
FN:52,validateConfig
FN:93,validateSession
FNF:2
FNH:2
FNDA:12,validateConfig
FNDA:6,validateSession
DA:10,1
DA:11,1
DA:22,1
DA:40,1
DA:53,12
DA:56,10
DA:57,2
DA:60,8
DA:61,1
DA:65,7
DA:66,2
DA:69,5
DA:70,1
DA:73,4
DA:74,1
DA:78,3
DA:79,2
DA:82,1
DA:95,6
DA:96,2
DA:103,4
DA:104,1
DA:111,3
DA:112,3
DA:113,0
DA:120,3
DA:121,3
DA:123,3
DA:129,1
LF:29
LH:28
BRDA:53,0,0,2
BRDA:53,0,1,10
BRDA:56,1,0,2
BRDA:56,1,1,8
BRDA:56,2,0,10
BRDA:56,2,1,9
BRDA:60,3,0,1
BRDA:60,3,1,7
BRDA:60,4,0,8
BRDA:60,4,1,7
BRDA:65,5,0,2
BRDA:65,5,1,5
BRDA:65,6,0,7
BRDA:65,6,1,7
BRDA:69,7,0,1
BRDA:69,7,1,4
BRDA:69,8,0,5
BRDA:69,8,1,5
BRDA:73,9,0,1
BRDA:73,9,1,3
BRDA:73,10,0,4
BRDA:73,10,1,4
BRDA:78,11,0,2
BRDA:78,11,1,1
BRDA:95,12,0,2
BRDA:95,12,1,4
BRDA:95,13,0,6
BRDA:95,13,1,4
BRDA:95,13,2,4
BRDA:103,14,0,1
BRDA:103,14,1,3
BRDA:112,15,0,0
BRDA:112,15,1,3
BRF:33
BRH:32
end_of_record
